[debug] [2024-12-10T12:16:05.451Z] ----------------------------------------------------------------------
[debug] [2024-12-10T12:16:05.454Z] Command:       /usr/local/bin/node /home/project/node_modules/.bin/firebase login
[debug] [2024-12-10T12:16:05.455Z] CLI Version:   13.28.0
[debug] [2024-12-10T12:16:05.455Z] Platform:      linux
[debug] [2024-12-10T12:16:05.455Z] Node Version:  v18.20.3
[debug] [2024-12-10T12:16:05.455Z] Time:          Tue Dec 10 2024 17:46:05 GMT+0530 (India Standard Time)
[debug] [2024-12-10T12:16:05.455Z] ----------------------------------------------------------------------
[debug] 
[debug] [2024-12-10T12:16:05.459Z] >>> [apiv2][query] GET https://firebase-public.firebaseio.com/cli.json [none]
[info] i  Firebase optionally collects CLI and Emulator Suite usage and error reporting information to help improve our products. Data is collected in accordance with Google's privacy policy (https://policies.google.com/privacy) and is not used to identify you.
 
[debug] [2024-12-10T12:16:06.813Z] <<< [apiv2][status] GET https://firebase-public.firebaseio.com/cli.json 200
[debug] [2024-12-10T12:16:06.814Z] <<< [apiv2][body] GET https://firebase-public.firebaseio.com/cli.json {"cloudBuildErrorAfter":1594252800000,"cloudBuildWarnAfter":1590019200000,"defaultNode10After":1594252800000,"minVersion":"3.0.5","node8DeploysDisabledAfter":1613390400000,"node8RuntimeDisabledAfter":1615809600000,"node8WarnAfter":1600128000000}
[debug] [2024-12-10T12:26:59.820Z] ----------------------------------------------------------------------
[debug] [2024-12-10T12:26:59.823Z] Command:       /usr/local/bin/node /home/project/node_modules/.bin/firebase login
[debug] [2024-12-10T12:26:59.823Z] CLI Version:   13.28.0
[debug] [2024-12-10T12:26:59.823Z] Platform:      linux
[debug] [2024-12-10T12:26:59.824Z] Node Version:  v18.20.3
[debug] [2024-12-10T12:26:59.824Z] Time:          Tue Dec 10 2024 17:56:59 GMT+0530 (India Standard Time)
[debug] [2024-12-10T12:26:59.824Z] ----------------------------------------------------------------------
[debug] 
[info] i  Firebase optionally collects CLI and Emulator Suite usage and error reporting information to help improve our products. Data is collected in accordance with Google's privacy policy (https://policies.google.com/privacy) and is not used to identify you.
 
